2018-09-30 00:01:05.911  INFO 28329 --- [main] c.m.s.b.p.ProductInfoRepositoryTest      : Starting ProductInfoRepositoryTest on ChengdeMacBook-Pro.local with PID 28329 (started by chengchen in /Users/chengchen/Desktop/JavaTraining/products)
2018-09-30 00:01:05.921  INFO 28329 --- [main] c.m.s.b.p.ProductInfoRepositoryTest      : The following profiles are active: dev
2018-09-30 00:01:06.030  INFO 28329 --- [main] o.s.w.c.s.GenericWebApplicationContext   : Refreshing org.springframework.web.context.support.GenericWebApplicationContext@58594a11: startup date [Sun Sep 30 00:01:06 CST 2018]; root of context hierarchy
2018-09-30 00:01:07.966  INFO 28329 --- [main] trationDelegate$BeanPostProcessorChecker : Bean 'org.springframework.amqp.rabbit.annotation.RabbitBootstrapConfiguration' of type [org.springframework.amqp.rabbit.annotation.RabbitBootstrapConfiguration$$EnhancerBySpringCGLIB$$c6fbf24f] is not eligible for getting processed by all BeanPostProcessors (for example: not eligible for auto-proxying)
2018-09-30 00:01:08.117  INFO 28329 --- [main] trationDelegate$BeanPostProcessorChecker : Bean 'org.springframework.transaction.annotation.ProxyTransactionManagementConfiguration' of type [org.springframework.transaction.annotation.ProxyTransactionManagementConfiguration$$EnhancerBySpringCGLIB$$903421] is not eligible for getting processed by all BeanPostProcessors (for example: not eligible for auto-proxying)
2018-09-30 00:01:08.540  INFO 28329 --- [main] j.LocalContainerEntityManagerFactoryBean : Building JPA container EntityManagerFactory for persistence unit 'default'
2018-09-30 00:01:08.569  INFO 28329 --- [main] o.hibernate.jpa.internal.util.LogHelper  : HHH000204: Processing PersistenceUnitInfo [
	name: default
	...]
2018-09-30 00:01:08.789  INFO 28329 --- [main] org.hibernate.Version                    : HHH000412: Hibernate Core {5.2.17.Final}
2018-09-30 00:01:08.790  INFO 28329 --- [main] org.hibernate.cfg.Environment            : HHH000206: hibernate.properties not found
2018-09-30 00:01:08.874  INFO 28329 --- [main] o.hibernate.annotations.common.Version   : HCANN000001: Hibernate Commons Annotations {5.0.1.Final}
2018-09-30 00:01:09.005  INFO 28329 --- [main] com.zaxxer.hikari.HikariDataSource       : HikariPool-1 - Starting...
2018-09-30 00:01:12.837  INFO 28329 --- [main] com.zaxxer.hikari.HikariDataSource       : HikariPool-1 - Start completed.
2018-09-30 00:01:12.851  INFO 28329 --- [main] org.hibernate.dialect.Dialect            : HHH000400: Using dialect: com.maikun.service.buyer.configuration.MySQL5DialectUTF8
2018-09-30 00:01:13.664  INFO 28329 --- [main] j.LocalContainerEntityManagerFactoryBean : Initialized JPA EntityManagerFactory for persistence unit 'default'
2018-09-30 00:01:14.506  INFO 28329 --- [main] o.s.w.s.handler.SimpleUrlHandlerMapping  : Mapped URL path [/**/favicon.ico] onto handler of type [class org.springframework.web.servlet.resource.ResourceHttpRequestHandler]
2018-09-30 00:01:15.259  INFO 28329 --- [main] o.h.h.i.QueryTranslatorFactoryInitiator  : HHH000397: Using ASTQueryTranslatorFactory
2018-09-30 00:01:15.636  INFO 28329 --- [main] s.w.s.m.m.a.RequestMappingHandlerAdapter : Looking for @ControllerAdvice: org.springframework.web.context.support.GenericWebApplicationContext@58594a11: startup date [Sun Sep 30 00:01:06 CST 2018]; root of context hierarchy
2018-09-30 00:01:15.724  WARN 28329 --- [main] aWebConfiguration$JpaWebMvcConfiguration : spring.jpa.open-in-view is enabled by default. Therefore, database queries may be performed during view rendering. Explicitly configure spring.jpa.open-in-view to disable this warning
2018-09-30 00:01:15.786  INFO 28329 --- [main] s.w.s.m.m.a.RequestMappingHandlerMapping : Mapped "{[/hello/result],methods=[GET]}" onto public com.maikun.service.buyer.result.ResultVO com.maikun.service.buyer.helloworld.HelloWorldController.getResult(javax.servlet.http.HttpServletResponse)
2018-09-30 00:01:15.789  INFO 28329 --- [main] s.w.s.m.m.a.RequestMappingHandlerMapping : Mapped "{[/hello/async-order],methods=[GET]}" onto public org.springframework.web.context.request.async.DeferredResult<com.maikun.service.buyer.result.ResultVO> com.maikun.service.buyer.helloworld.HelloWorldController.readList()
2018-09-30 00:01:15.791  INFO 28329 --- [main] s.w.s.m.m.a.RequestMappingHandlerMapping : Mapped "{[/hello/sayhello],methods=[GET]}" onto public java.lang.String com.maikun.service.buyer.helloworld.HelloWorldController.sayHello(javax.servlet.http.HttpServletResponse)
2018-09-30 00:01:15.791  INFO 28329 --- [main] s.w.s.m.m.a.RequestMappingHandlerMapping : Mapped "{[/hello/sync-order],methods=[GET]}" onto public java.lang.String com.maikun.service.buyer.helloworld.HelloWorldController.syncOrder() throws java.lang.InterruptedException
2018-09-30 00:01:15.791  INFO 28329 --- [main] s.w.s.m.m.a.RequestMappingHandlerMapping : Mapped "{[/hello/send],methods=[GET]}" onto public java.lang.String com.maikun.service.buyer.helloworld.HelloWorldController.send(java.lang.String)
2018-09-30 00:01:15.792  INFO 28329 --- [main] s.w.s.m.m.a.RequestMappingHandlerMapping : Mapped "{[/seller/product/list],methods=[GET]}" onto public com.maikun.service.buyer.result.ResultVO com.maikun.service.buyer.productinfo.ProductInfoController.productList(java.lang.String)
2018-09-30 00:01:15.793  INFO 28329 --- [main] s.w.s.m.m.a.RequestMappingHandlerMapping : Mapped "{[/buyer/products/list],methods=[GET]}" onto public com.maikun.service.buyer.result.ResultVO com.maikun.service.buyer.products.ProdcutVOController.productVOList(java.lang.String)
2018-09-30 00:01:15.797  INFO 28329 --- [main] s.w.s.m.m.a.RequestMappingHandlerMapping : Mapped "{[/error]}" onto public org.springframework.http.ResponseEntity<java.util.Map<java.lang.String, java.lang.Object>> org.springframework.boot.autoconfigure.web.servlet.error.BasicErrorController.error(javax.servlet.http.HttpServletRequest)
2018-09-30 00:01:15.798  INFO 28329 --- [main] s.w.s.m.m.a.RequestMappingHandlerMapping : Mapped "{[/error],produces=[text/html]}" onto public org.springframework.web.servlet.ModelAndView org.springframework.boot.autoconfigure.web.servlet.error.BasicErrorController.errorHtml(javax.servlet.http.HttpServletRequest,javax.servlet.http.HttpServletResponse)
2018-09-30 00:01:15.849  INFO 28329 --- [main] o.s.w.s.handler.SimpleUrlHandlerMapping  : Mapped URL path [/webjars/**] onto handler of type [class org.springframework.web.servlet.resource.ResourceHttpRequestHandler]
2018-09-30 00:01:15.849  INFO 28329 --- [main] o.s.w.s.handler.SimpleUrlHandlerMapping  : Mapped URL path [/**] onto handler of type [class org.springframework.web.servlet.resource.ResourceHttpRequestHandler]
2018-09-30 00:01:16.397  INFO 28329 --- [main] o.s.c.support.DefaultLifecycleProcessor  : Starting beans in phase 2147483647
2018-09-30 00:01:16.412  INFO 28329 --- [SimpleAsyncTaskExecutor-1] o.s.a.r.c.CachingConnectionFactory       : Attempting to connect to: [193.112.35.196:5672]
2018-09-30 00:01:16.545  INFO 28329 --- [SimpleAsyncTaskExecutor-1] o.s.a.r.c.CachingConnectionFactory       : Created new connection: rabbitConnectionFactory#704067c6:0/SimpleConnection@21f20418 [delegate=amqp://guest@193.112.35.196:5672/, localPort= 65257]
2018-09-30 00:01:35.636  INFO 28329 --- [main] c.m.s.b.p.ProductInfoRepositoryTest      : Started ProductInfoRepositoryTest in 30.94 seconds (JVM running for 32.589)
2018-09-30 00:01:36.139  INFO 28329 --- [Thread-2] o.s.w.c.s.GenericWebApplicationContext   : Closing org.springframework.web.context.support.GenericWebApplicationContext@58594a11: startup date [Sun Sep 30 00:01:06 CST 2018]; root of context hierarchy
2018-09-30 00:01:36.143  INFO 28329 --- [Thread-2] o.s.c.support.DefaultLifecycleProcessor  : Stopping beans in phase 2147483647
2018-09-30 00:01:42.484  INFO 28329 --- [Thread-2] o.s.a.r.l.SimpleMessageListenerContainer : Waiting for workers to finish.
2018-09-30 00:01:42.649  INFO 28329 --- [Thread-2] o.s.a.r.l.SimpleMessageListenerContainer : Successfully waited for workers to finish.
2018-09-30 00:01:42.656  INFO 28329 --- [Thread-2] o.s.c.support.DefaultLifecycleProcessor  : Stopping beans in phase 0
2018-09-30 00:01:42.684  INFO 28329 --- [Thread-2] o.s.a.r.l.SimpleMessageListenerContainer : Shutdown ignored - container is not active already
2018-09-30 00:01:42.810  INFO 28329 --- [Thread-2] j.LocalContainerEntityManagerFactoryBean : Closing JPA EntityManagerFactory for persistence unit 'default'
2018-09-30 00:01:42.815  INFO 28329 --- [Thread-2] com.zaxxer.hikari.HikariDataSource       : HikariPool-1 - Shutdown initiated...
2018-09-30 00:01:42.851  INFO 28329 --- [Thread-2] com.zaxxer.hikari.HikariDataSource       : HikariPool-1 - Shutdown completed.
2018-09-30 00:05:35.189  INFO 28634 --- [main] c.m.s.b.p.ProductInfoRepositoryTest      : Starting ProductInfoRepositoryTest on ChengdeMacBook-Pro.local with PID 28634 (started by chengchen in /Users/chengchen/Desktop/JavaTraining/products)
2018-09-30 00:05:35.190  INFO 28634 --- [main] c.m.s.b.p.ProductInfoRepositoryTest      : The following profiles are active: dev
2018-09-30 00:05:35.291  INFO 28634 --- [main] o.s.w.c.s.GenericWebApplicationContext   : Refreshing org.springframework.web.context.support.GenericWebApplicationContext@58594a11: startup date [Sun Sep 30 00:05:35 CST 2018]; root of context hierarchy
2018-09-30 00:05:37.495  INFO 28634 --- [main] trationDelegate$BeanPostProcessorChecker : Bean 'org.springframework.amqp.rabbit.annotation.RabbitBootstrapConfiguration' of type [org.springframework.amqp.rabbit.annotation.RabbitBootstrapConfiguration$$EnhancerBySpringCGLIB$$21d5142f] is not eligible for getting processed by all BeanPostProcessors (for example: not eligible for auto-proxying)
2018-09-30 00:05:37.632  INFO 28634 --- [main] trationDelegate$BeanPostProcessorChecker : Bean 'org.springframework.transaction.annotation.ProxyTransactionManagementConfiguration' of type [org.springframework.transaction.annotation.ProxyTransactionManagementConfiguration$$EnhancerBySpringCGLIB$$5b695601] is not eligible for getting processed by all BeanPostProcessors (for example: not eligible for auto-proxying)
2018-09-30 00:05:38.018  INFO 28634 --- [main] j.LocalContainerEntityManagerFactoryBean : Building JPA container EntityManagerFactory for persistence unit 'default'
2018-09-30 00:05:38.045  INFO 28634 --- [main] o.hibernate.jpa.internal.util.LogHelper  : HHH000204: Processing PersistenceUnitInfo [
	name: default
	...]
2018-09-30 00:05:38.281  INFO 28634 --- [main] org.hibernate.Version                    : HHH000412: Hibernate Core {5.2.17.Final}
2018-09-30 00:05:38.286  INFO 28634 --- [main] org.hibernate.cfg.Environment            : HHH000206: hibernate.properties not found
2018-09-30 00:05:38.337  INFO 28634 --- [main] o.hibernate.annotations.common.Version   : HCANN000001: Hibernate Commons Annotations {5.0.1.Final}
2018-09-30 00:05:38.458  INFO 28634 --- [main] com.zaxxer.hikari.HikariDataSource       : HikariPool-1 - Starting...
2018-09-30 00:05:40.953  INFO 28634 --- [main] com.zaxxer.hikari.HikariDataSource       : HikariPool-1 - Start completed.
2018-09-30 00:05:40.972  INFO 28634 --- [main] org.hibernate.dialect.Dialect            : HHH000400: Using dialect: com.maikun.service.buyer.configuration.MySQL5DialectUTF8
2018-09-30 00:05:41.746  INFO 28634 --- [main] j.LocalContainerEntityManagerFactoryBean : Initialized JPA EntityManagerFactory for persistence unit 'default'
2018-09-30 00:05:42.548  INFO 28634 --- [main] o.s.w.s.handler.SimpleUrlHandlerMapping  : Mapped URL path [/**/favicon.ico] onto handler of type [class org.springframework.web.servlet.resource.ResourceHttpRequestHandler]
2018-09-30 00:05:43.359  INFO 28634 --- [main] o.h.h.i.QueryTranslatorFactoryInitiator  : HHH000397: Using ASTQueryTranslatorFactory
2018-09-30 00:05:43.702  INFO 28634 --- [main] s.w.s.m.m.a.RequestMappingHandlerAdapter : Looking for @ControllerAdvice: org.springframework.web.context.support.GenericWebApplicationContext@58594a11: startup date [Sun Sep 30 00:05:35 CST 2018]; root of context hierarchy
2018-09-30 00:05:43.765  WARN 28634 --- [main] aWebConfiguration$JpaWebMvcConfiguration : spring.jpa.open-in-view is enabled by default. Therefore, database queries may be performed during view rendering. Explicitly configure spring.jpa.open-in-view to disable this warning
2018-09-30 00:05:43.820  INFO 28634 --- [main] s.w.s.m.m.a.RequestMappingHandlerMapping : Mapped "{[/hello/result],methods=[GET]}" onto public com.maikun.service.buyer.result.ResultVO com.maikun.service.buyer.helloworld.HelloWorldController.getResult(javax.servlet.http.HttpServletResponse)
2018-09-30 00:05:43.821  INFO 28634 --- [main] s.w.s.m.m.a.RequestMappingHandlerMapping : Mapped "{[/hello/async-order],methods=[GET]}" onto public org.springframework.web.context.request.async.DeferredResult<com.maikun.service.buyer.result.ResultVO> com.maikun.service.buyer.helloworld.HelloWorldController.readList()
2018-09-30 00:05:43.822  INFO 28634 --- [main] s.w.s.m.m.a.RequestMappingHandlerMapping : Mapped "{[/hello/sayhello],methods=[GET]}" onto public java.lang.String com.maikun.service.buyer.helloworld.HelloWorldController.sayHello(javax.servlet.http.HttpServletResponse)
2018-09-30 00:05:43.822  INFO 28634 --- [main] s.w.s.m.m.a.RequestMappingHandlerMapping : Mapped "{[/hello/sync-order],methods=[GET]}" onto public java.lang.String com.maikun.service.buyer.helloworld.HelloWorldController.syncOrder() throws java.lang.InterruptedException
2018-09-30 00:05:43.822  INFO 28634 --- [main] s.w.s.m.m.a.RequestMappingHandlerMapping : Mapped "{[/hello/send],methods=[GET]}" onto public java.lang.String com.maikun.service.buyer.helloworld.HelloWorldController.send(java.lang.String)
2018-09-30 00:05:43.823  INFO 28634 --- [main] s.w.s.m.m.a.RequestMappingHandlerMapping : Mapped "{[/seller/product/list],methods=[GET]}" onto public com.maikun.service.buyer.result.ResultVO com.maikun.service.buyer.productinfo.ProductInfoController.productList(java.lang.String)
2018-09-30 00:05:43.824  INFO 28634 --- [main] s.w.s.m.m.a.RequestMappingHandlerMapping : Mapped "{[/buyer/products/list],methods=[GET]}" onto public com.maikun.service.buyer.result.ResultVO com.maikun.service.buyer.products.ProdcutVOController.productVOList(java.lang.String)
2018-09-30 00:05:43.829  INFO 28634 --- [main] s.w.s.m.m.a.RequestMappingHandlerMapping : Mapped "{[/error]}" onto public org.springframework.http.ResponseEntity<java.util.Map<java.lang.String, java.lang.Object>> org.springframework.boot.autoconfigure.web.servlet.error.BasicErrorController.error(javax.servlet.http.HttpServletRequest)
2018-09-30 00:05:43.829  INFO 28634 --- [main] s.w.s.m.m.a.RequestMappingHandlerMapping : Mapped "{[/error],produces=[text/html]}" onto public org.springframework.web.servlet.ModelAndView org.springframework.boot.autoconfigure.web.servlet.error.BasicErrorController.errorHtml(javax.servlet.http.HttpServletRequest,javax.servlet.http.HttpServletResponse)
2018-09-30 00:05:43.869  INFO 28634 --- [main] o.s.w.s.handler.SimpleUrlHandlerMapping  : Mapped URL path [/webjars/**] onto handler of type [class org.springframework.web.servlet.resource.ResourceHttpRequestHandler]
2018-09-30 00:05:43.869  INFO 28634 --- [main] o.s.w.s.handler.SimpleUrlHandlerMapping  : Mapped URL path [/**] onto handler of type [class org.springframework.web.servlet.resource.ResourceHttpRequestHandler]
2018-09-30 00:05:44.397  INFO 28634 --- [main] o.s.c.support.DefaultLifecycleProcessor  : Starting beans in phase 2147483647
2018-09-30 00:05:44.411  INFO 28634 --- [SimpleAsyncTaskExecutor-1] o.s.a.r.c.CachingConnectionFactory       : Attempting to connect to: [193.112.35.196:5672]
2018-09-30 00:05:44.600  INFO 28634 --- [SimpleAsyncTaskExecutor-1] o.s.a.r.c.CachingConnectionFactory       : Created new connection: rabbitConnectionFactory#750ed637:0/SimpleConnection@41b28ba2 [delegate=amqp://guest@193.112.35.196:5672/, localPort= 65388]
2018-09-30 00:06:02.397  INFO 28634 --- [main] c.m.s.b.p.ProductInfoRepositoryTest      : Started ProductInfoRepositoryTest in 28.214 seconds (JVM running for 29.901)
2018-09-30 00:06:02.847  INFO 28634 --- [Thread-2] o.s.w.c.s.GenericWebApplicationContext   : Closing org.springframework.web.context.support.GenericWebApplicationContext@58594a11: startup date [Sun Sep 30 00:05:35 CST 2018]; root of context hierarchy
2018-09-30 00:06:02.849  INFO 28634 --- [Thread-2] o.s.c.support.DefaultLifecycleProcessor  : Stopping beans in phase 2147483647
2018-09-30 00:06:08.867  INFO 28634 --- [Thread-2] o.s.a.r.l.SimpleMessageListenerContainer : Waiting for workers to finish.
2018-09-30 00:06:09.111  INFO 28634 --- [Thread-2] o.s.a.r.l.SimpleMessageListenerContainer : Successfully waited for workers to finish.
2018-09-30 00:06:09.111  INFO 28634 --- [Thread-2] o.s.c.support.DefaultLifecycleProcessor  : Stopping beans in phase 0
2018-09-30 00:06:09.116  INFO 28634 --- [Thread-2] o.s.a.r.l.SimpleMessageListenerContainer : Shutdown ignored - container is not active already
2018-09-30 00:06:09.198  INFO 28634 --- [Thread-2] j.LocalContainerEntityManagerFactoryBean : Closing JPA EntityManagerFactory for persistence unit 'default'
2018-09-30 00:06:09.210  INFO 28634 --- [Thread-2] com.zaxxer.hikari.HikariDataSource       : HikariPool-1 - Shutdown initiated...
2018-09-30 00:06:09.276  INFO 28634 --- [Thread-2] com.zaxxer.hikari.HikariDataSource       : HikariPool-1 - Shutdown completed.
2018-09-30 00:14:36.636  INFO 29237 --- [main] c.m.s.b.p.ProductInfoRepositoryTest      : Starting ProductInfoRepositoryTest on ChengdeMacBook-Pro.local with PID 29237 (started by chengchen in /Users/chengchen/Desktop/JavaTraining/products)
2018-09-30 00:14:36.638  INFO 29237 --- [main] c.m.s.b.p.ProductInfoRepositoryTest      : The following profiles are active: dev
2018-09-30 00:14:36.721  INFO 29237 --- [main] o.s.w.c.s.GenericWebApplicationContext   : Refreshing org.springframework.web.context.support.GenericWebApplicationContext@58594a11: startup date [Sun Sep 30 00:14:36 CST 2018]; root of context hierarchy
2018-09-30 00:14:38.860  INFO 29237 --- [main] trationDelegate$BeanPostProcessorChecker : Bean 'org.springframework.amqp.rabbit.annotation.RabbitBootstrapConfiguration' of type [org.springframework.amqp.rabbit.annotation.RabbitBootstrapConfiguration$$EnhancerBySpringCGLIB$$60411f61] is not eligible for getting processed by all BeanPostProcessors (for example: not eligible for auto-proxying)
2018-09-30 00:14:39.068  INFO 29237 --- [main] trationDelegate$BeanPostProcessorChecker : Bean 'org.springframework.transaction.annotation.ProxyTransactionManagementConfiguration' of type [org.springframework.transaction.annotation.ProxyTransactionManagementConfiguration$$EnhancerBySpringCGLIB$$99d56133] is not eligible for getting processed by all BeanPostProcessors (for example: not eligible for auto-proxying)
2018-09-30 00:14:39.500  INFO 29237 --- [main] j.LocalContainerEntityManagerFactoryBean : Building JPA container EntityManagerFactory for persistence unit 'default'
2018-09-30 00:14:39.537  INFO 29237 --- [main] o.hibernate.jpa.internal.util.LogHelper  : HHH000204: Processing PersistenceUnitInfo [
	name: default
	...]
2018-09-30 00:14:39.800  INFO 29237 --- [main] org.hibernate.Version                    : HHH000412: Hibernate Core {5.2.17.Final}
2018-09-30 00:14:39.801  INFO 29237 --- [main] org.hibernate.cfg.Environment            : HHH000206: hibernate.properties not found
2018-09-30 00:14:39.867  INFO 29237 --- [main] o.hibernate.annotations.common.Version   : HCANN000001: Hibernate Commons Annotations {5.0.1.Final}
2018-09-30 00:14:40.051  INFO 29237 --- [main] com.zaxxer.hikari.HikariDataSource       : HikariPool-1 - Starting...
2018-09-30 00:14:45.448  INFO 29237 --- [main] com.zaxxer.hikari.HikariDataSource       : HikariPool-1 - Start completed.
2018-09-30 00:14:45.468  INFO 29237 --- [main] org.hibernate.dialect.Dialect            : HHH000400: Using dialect: com.maikun.service.buyer.configuration.MySQL5DialectUTF8
2018-09-30 00:14:46.477  INFO 29237 --- [main] j.LocalContainerEntityManagerFactoryBean : Initialized JPA EntityManagerFactory for persistence unit 'default'
2018-09-30 00:14:47.628  INFO 29237 --- [main] o.s.w.s.handler.SimpleUrlHandlerMapping  : Mapped URL path [/**/favicon.ico] onto handler of type [class org.springframework.web.servlet.resource.ResourceHttpRequestHandler]
2018-09-30 00:14:48.548  INFO 29237 --- [main] o.h.h.i.QueryTranslatorFactoryInitiator  : HHH000397: Using ASTQueryTranslatorFactory
2018-09-30 00:14:49.086  INFO 29237 --- [main] s.w.s.m.m.a.RequestMappingHandlerAdapter : Looking for @ControllerAdvice: org.springframework.web.context.support.GenericWebApplicationContext@58594a11: startup date [Sun Sep 30 00:14:36 CST 2018]; root of context hierarchy
2018-09-30 00:14:49.149  WARN 29237 --- [main] aWebConfiguration$JpaWebMvcConfiguration : spring.jpa.open-in-view is enabled by default. Therefore, database queries may be performed during view rendering. Explicitly configure spring.jpa.open-in-view to disable this warning
2018-09-30 00:14:49.211  INFO 29237 --- [main] s.w.s.m.m.a.RequestMappingHandlerMapping : Mapped "{[/hello/result],methods=[GET]}" onto public com.maikun.service.buyer.result.ResultVO com.maikun.service.buyer.helloworld.HelloWorldController.getResult(javax.servlet.http.HttpServletResponse)
2018-09-30 00:14:49.212  INFO 29237 --- [main] s.w.s.m.m.a.RequestMappingHandlerMapping : Mapped "{[/hello/send],methods=[GET]}" onto public java.lang.String com.maikun.service.buyer.helloworld.HelloWorldController.send(java.lang.String)
2018-09-30 00:14:49.213  INFO 29237 --- [main] s.w.s.m.m.a.RequestMappingHandlerMapping : Mapped "{[/hello/async-order],methods=[GET]}" onto public org.springframework.web.context.request.async.DeferredResult<com.maikun.service.buyer.result.ResultVO> com.maikun.service.buyer.helloworld.HelloWorldController.readList()
2018-09-30 00:14:49.214  INFO 29237 --- [main] s.w.s.m.m.a.RequestMappingHandlerMapping : Mapped "{[/hello/sayhello],methods=[GET]}" onto public java.lang.String com.maikun.service.buyer.helloworld.HelloWorldController.sayHello(javax.servlet.http.HttpServletResponse)
2018-09-30 00:14:49.214  INFO 29237 --- [main] s.w.s.m.m.a.RequestMappingHandlerMapping : Mapped "{[/hello/sync-order],methods=[GET]}" onto public java.lang.String com.maikun.service.buyer.helloworld.HelloWorldController.syncOrder() throws java.lang.InterruptedException
2018-09-30 00:14:49.215  INFO 29237 --- [main] s.w.s.m.m.a.RequestMappingHandlerMapping : Mapped "{[/seller/product/list],methods=[GET]}" onto public com.maikun.service.buyer.result.ResultVO com.maikun.service.buyer.productinfo.ProductInfoController.productList(java.lang.String)
2018-09-30 00:14:49.217  INFO 29237 --- [main] s.w.s.m.m.a.RequestMappingHandlerMapping : Mapped "{[/buyer/products/list],methods=[GET]}" onto public com.maikun.service.buyer.result.ResultVO com.maikun.service.buyer.products.ProdcutVOController.productVOList(java.lang.String)
2018-09-30 00:14:49.223  INFO 29237 --- [main] s.w.s.m.m.a.RequestMappingHandlerMapping : Mapped "{[/error]}" onto public org.springframework.http.ResponseEntity<java.util.Map<java.lang.String, java.lang.Object>> org.springframework.boot.autoconfigure.web.servlet.error.BasicErrorController.error(javax.servlet.http.HttpServletRequest)
2018-09-30 00:14:49.235  INFO 29237 --- [main] s.w.s.m.m.a.RequestMappingHandlerMapping : Mapped "{[/error],produces=[text/html]}" onto public org.springframework.web.servlet.ModelAndView org.springframework.boot.autoconfigure.web.servlet.error.BasicErrorController.errorHtml(javax.servlet.http.HttpServletRequest,javax.servlet.http.HttpServletResponse)
2018-09-30 00:14:49.289  INFO 29237 --- [main] o.s.w.s.handler.SimpleUrlHandlerMapping  : Mapped URL path [/webjars/**] onto handler of type [class org.springframework.web.servlet.resource.ResourceHttpRequestHandler]
2018-09-30 00:14:49.289  INFO 29237 --- [main] o.s.w.s.handler.SimpleUrlHandlerMapping  : Mapped URL path [/**] onto handler of type [class org.springframework.web.servlet.resource.ResourceHttpRequestHandler]
2018-09-30 00:14:49.928  INFO 29237 --- [main] o.s.c.support.DefaultLifecycleProcessor  : Starting beans in phase 2147483647
2018-09-30 00:14:49.946  INFO 29237 --- [SimpleAsyncTaskExecutor-1] o.s.a.r.c.CachingConnectionFactory       : Attempting to connect to: [193.112.35.196:5672]
2018-09-30 00:14:50.153  INFO 29237 --- [SimpleAsyncTaskExecutor-1] o.s.a.r.c.CachingConnectionFactory       : Created new connection: rabbitConnectionFactory#566e142:0/SimpleConnection@70d0c964 [delegate=amqp://guest@193.112.35.196:5672/, localPort= 49331]
2018-09-30 00:15:10.679  INFO 29237 --- [main] c.m.s.b.p.ProductInfoRepositoryTest      : Started ProductInfoRepositoryTest in 35.179 seconds (JVM running for 37.564)
2018-09-30 00:15:11.224  INFO 29237 --- [main] c.m.s.b.p.ProductInfoRepositoryTest      : ProductInfo(productId=jiaoxin-01, productName=红萝卜炒肉丝, restaurantId=null, productPrice=15.00, productStock=null, productDescription=窖心木桶饭-红萝卜炒肉丝, productIcon=http://jiaoxin, productStatus=0, categoryType=null, createTime=null, updateTime=null)
2018-09-30 00:15:11.224  INFO 29237 --- [main] c.m.s.b.p.ProductInfoRepositoryTest      : ProductInfo(productId=jiaoxin-02, productName=红萝卜炒鸡蛋, restaurantId=null, productPrice=13.00, productStock=null, productDescription=窖心木桶饭-红萝卜炒鸡蛋, productIcon=http://jiaoxin, productStatus=0, categoryType=null, createTime=null, updateTime=null)
2018-09-30 00:15:11.234  INFO 29237 --- [Thread-2] o.s.w.c.s.GenericWebApplicationContext   : Closing org.springframework.web.context.support.GenericWebApplicationContext@58594a11: startup date [Sun Sep 30 00:14:36 CST 2018]; root of context hierarchy
2018-09-30 00:15:11.237  INFO 29237 --- [Thread-2] o.s.c.support.DefaultLifecycleProcessor  : Stopping beans in phase 2147483647
2018-09-30 00:15:18.151  INFO 29237 --- [Thread-2] o.s.a.r.l.SimpleMessageListenerContainer : Waiting for workers to finish.
2018-09-30 00:15:18.396  INFO 29237 --- [Thread-2] o.s.a.r.l.SimpleMessageListenerContainer : Successfully waited for workers to finish.
2018-09-30 00:15:18.400  INFO 29237 --- [Thread-2] o.s.c.support.DefaultLifecycleProcessor  : Stopping beans in phase 0
2018-09-30 00:15:18.469  INFO 29237 --- [Thread-2] o.s.a.r.l.SimpleMessageListenerContainer : Shutdown ignored - container is not active already
2018-09-30 00:15:18.661  INFO 29237 --- [Thread-2] j.LocalContainerEntityManagerFactoryBean : Closing JPA EntityManagerFactory for persistence unit 'default'
2018-09-30 00:15:18.669  INFO 29237 --- [Thread-2] com.zaxxer.hikari.HikariDataSource       : HikariPool-1 - Shutdown initiated...
2018-09-30 00:15:18.752  INFO 29237 --- [Thread-2] com.zaxxer.hikari.HikariDataSource       : HikariPool-1 - Shutdown completed.
2018-09-30 00:27:42.306  INFO 30109 --- [main] c.m.s.b.p.ProductCategoryRepositoryTest  : Starting ProductCategoryRepositoryTest on ChengdeMacBook-Pro.local with PID 30109 (started by chengchen in /Users/chengchen/Desktop/JavaTraining/products)
2018-09-30 00:27:42.310  INFO 30109 --- [main] c.m.s.b.p.ProductCategoryRepositoryTest  : The following profiles are active: dev
2018-09-30 00:27:42.398  INFO 30109 --- [main] o.s.w.c.s.GenericWebApplicationContext   : Refreshing org.springframework.web.context.support.GenericWebApplicationContext@28b46423: startup date [Sun Sep 30 00:27:42 CST 2018]; root of context hierarchy
2018-09-30 00:27:44.583  INFO 30109 --- [main] trationDelegate$BeanPostProcessorChecker : Bean 'org.springframework.amqp.rabbit.annotation.RabbitBootstrapConfiguration' of type [org.springframework.amqp.rabbit.annotation.RabbitBootstrapConfiguration$$EnhancerBySpringCGLIB$$5e7fd926] is not eligible for getting processed by all BeanPostProcessors (for example: not eligible for auto-proxying)
2018-09-30 00:27:44.756  INFO 30109 --- [main] trationDelegate$BeanPostProcessorChecker : Bean 'org.springframework.transaction.annotation.ProxyTransactionManagementConfiguration' of type [org.springframework.transaction.annotation.ProxyTransactionManagementConfiguration$$EnhancerBySpringCGLIB$$98141af8] is not eligible for getting processed by all BeanPostProcessors (for example: not eligible for auto-proxying)
2018-09-30 00:27:45.124  INFO 30109 --- [main] j.LocalContainerEntityManagerFactoryBean : Building JPA container EntityManagerFactory for persistence unit 'default'
2018-09-30 00:27:45.148  INFO 30109 --- [main] o.hibernate.jpa.internal.util.LogHelper  : HHH000204: Processing PersistenceUnitInfo [
	name: default
	...]
2018-09-30 00:27:45.376  INFO 30109 --- [main] org.hibernate.Version                    : HHH000412: Hibernate Core {5.2.17.Final}
2018-09-30 00:27:45.377  INFO 30109 --- [main] org.hibernate.cfg.Environment            : HHH000206: hibernate.properties not found
2018-09-30 00:27:45.441  INFO 30109 --- [main] o.hibernate.annotations.common.Version   : HCANN000001: Hibernate Commons Annotations {5.0.1.Final}
2018-09-30 00:27:45.601  INFO 30109 --- [main] com.zaxxer.hikari.HikariDataSource       : HikariPool-1 - Starting...
2018-09-30 00:27:53.302  INFO 30109 --- [main] com.zaxxer.hikari.HikariDataSource       : HikariPool-1 - Start completed.
2018-09-30 00:27:53.324  INFO 30109 --- [main] org.hibernate.dialect.Dialect            : HHH000400: Using dialect: com.maikun.service.buyer.configuration.MySQL5DialectUTF8
2018-09-30 00:27:54.218  INFO 30109 --- [main] j.LocalContainerEntityManagerFactoryBean : Initialized JPA EntityManagerFactory for persistence unit 'default'
2018-09-30 00:27:55.119  INFO 30109 --- [main] o.s.w.s.handler.SimpleUrlHandlerMapping  : Mapped URL path [/**/favicon.ico] onto handler of type [class org.springframework.web.servlet.resource.ResourceHttpRequestHandler]
2018-09-30 00:27:56.114  INFO 30109 --- [main] o.h.h.i.QueryTranslatorFactoryInitiator  : HHH000397: Using ASTQueryTranslatorFactory
2018-09-30 00:27:56.501  INFO 30109 --- [main] s.w.s.m.m.a.RequestMappingHandlerAdapter : Looking for @ControllerAdvice: org.springframework.web.context.support.GenericWebApplicationContext@28b46423: startup date [Sun Sep 30 00:27:42 CST 2018]; root of context hierarchy
2018-09-30 00:27:56.568  WARN 30109 --- [main] aWebConfiguration$JpaWebMvcConfiguration : spring.jpa.open-in-view is enabled by default. Therefore, database queries may be performed during view rendering. Explicitly configure spring.jpa.open-in-view to disable this warning
2018-09-30 00:27:56.621  INFO 30109 --- [main] s.w.s.m.m.a.RequestMappingHandlerMapping : Mapped "{[/hello/result],methods=[GET]}" onto public com.maikun.service.buyer.result.ResultVO com.maikun.service.buyer.helloworld.HelloWorldController.getResult(javax.servlet.http.HttpServletResponse)
2018-09-30 00:27:56.622  INFO 30109 --- [main] s.w.s.m.m.a.RequestMappingHandlerMapping : Mapped "{[/hello/send],methods=[GET]}" onto public java.lang.String com.maikun.service.buyer.helloworld.HelloWorldController.send(java.lang.String)
2018-09-30 00:27:56.622  INFO 30109 --- [main] s.w.s.m.m.a.RequestMappingHandlerMapping : Mapped "{[/hello/sayhello],methods=[GET]}" onto public java.lang.String com.maikun.service.buyer.helloworld.HelloWorldController.sayHello(javax.servlet.http.HttpServletResponse)
2018-09-30 00:27:56.623  INFO 30109 --- [main] s.w.s.m.m.a.RequestMappingHandlerMapping : Mapped "{[/hello/sync-order],methods=[GET]}" onto public java.lang.String com.maikun.service.buyer.helloworld.HelloWorldController.syncOrder() throws java.lang.InterruptedException
2018-09-30 00:27:56.623  INFO 30109 --- [main] s.w.s.m.m.a.RequestMappingHandlerMapping : Mapped "{[/hello/async-order],methods=[GET]}" onto public org.springframework.web.context.request.async.DeferredResult<com.maikun.service.buyer.result.ResultVO> com.maikun.service.buyer.helloworld.HelloWorldController.readList()
2018-09-30 00:27:56.624  INFO 30109 --- [main] s.w.s.m.m.a.RequestMappingHandlerMapping : Mapped "{[/seller/product/list],methods=[GET]}" onto public com.maikun.service.buyer.result.ResultVO com.maikun.service.buyer.productinfo.ProductInfoController.productList(java.lang.String)
2018-09-30 00:27:56.625  INFO 30109 --- [main] s.w.s.m.m.a.RequestMappingHandlerMapping : Mapped "{[/buyer/products/list],methods=[GET]}" onto public com.maikun.service.buyer.result.ResultVO com.maikun.service.buyer.products.ProdcutVOController.productVOList(java.lang.String)
2018-09-30 00:27:56.630  INFO 30109 --- [main] s.w.s.m.m.a.RequestMappingHandlerMapping : Mapped "{[/error]}" onto public org.springframework.http.ResponseEntity<java.util.Map<java.lang.String, java.lang.Object>> org.springframework.boot.autoconfigure.web.servlet.error.BasicErrorController.error(javax.servlet.http.HttpServletRequest)
2018-09-30 00:27:56.631  INFO 30109 --- [main] s.w.s.m.m.a.RequestMappingHandlerMapping : Mapped "{[/error],produces=[text/html]}" onto public org.springframework.web.servlet.ModelAndView org.springframework.boot.autoconfigure.web.servlet.error.BasicErrorController.errorHtml(javax.servlet.http.HttpServletRequest,javax.servlet.http.HttpServletResponse)
2018-09-30 00:27:56.668  INFO 30109 --- [main] o.s.w.s.handler.SimpleUrlHandlerMapping  : Mapped URL path [/webjars/**] onto handler of type [class org.springframework.web.servlet.resource.ResourceHttpRequestHandler]
2018-09-30 00:27:56.669  INFO 30109 --- [main] o.s.w.s.handler.SimpleUrlHandlerMapping  : Mapped URL path [/**] onto handler of type [class org.springframework.web.servlet.resource.ResourceHttpRequestHandler]
2018-09-30 00:27:57.232  INFO 30109 --- [main] o.s.c.support.DefaultLifecycleProcessor  : Starting beans in phase 2147483647
2018-09-30 00:27:57.248  INFO 30109 --- [SimpleAsyncTaskExecutor-1] o.s.a.r.c.CachingConnectionFactory       : Attempting to connect to: [193.112.35.196:5672]
2018-09-30 00:27:57.435  INFO 30109 --- [SimpleAsyncTaskExecutor-1] o.s.a.r.c.CachingConnectionFactory       : Created new connection: rabbitConnectionFactory#433d9680:0/SimpleConnection@506b9ea7 [delegate=amqp://guest@193.112.35.196:5672/, localPort= 49820]
2018-09-30 00:28:18.277  INFO 30109 --- [main] c.m.s.b.p.ProductCategoryRepositoryTest  : Started ProductCategoryRepositoryTest in 37.059 seconds (JVM running for 38.835)
2018-09-30 00:28:18.781  INFO 30109 --- [main] c.m.s.b.p.ProductCategoryRepositoryTest  : [ProductCategory(categoryId=2, restaurantId=baiyun-01, categoryName=木桶饭, categoryType=0, createTime=2018-09-29 22:14:48.0, updateTime=2018-09-29 22:14:48.0)]
2018-09-30 00:28:18.788  INFO 30109 --- [Thread-2] o.s.w.c.s.GenericWebApplicationContext   : Closing org.springframework.web.context.support.GenericWebApplicationContext@28b46423: startup date [Sun Sep 30 00:27:42 CST 2018]; root of context hierarchy
2018-09-30 00:28:18.793  INFO 30109 --- [Thread-2] o.s.c.support.DefaultLifecycleProcessor  : Stopping beans in phase 2147483647
2018-09-30 00:28:25.757  INFO 30109 --- [Thread-2] o.s.a.r.l.SimpleMessageListenerContainer : Waiting for workers to finish.
2018-09-30 00:28:25.922  INFO 30109 --- [Thread-2] o.s.a.r.l.SimpleMessageListenerContainer : Successfully waited for workers to finish.
2018-09-30 00:28:25.928  INFO 30109 --- [Thread-2] o.s.c.support.DefaultLifecycleProcessor  : Stopping beans in phase 0
2018-09-30 00:28:25.953  INFO 30109 --- [Thread-2] o.s.a.r.l.SimpleMessageListenerContainer : Shutdown ignored - container is not active already
2018-09-30 00:28:26.044  INFO 30109 --- [Thread-2] j.LocalContainerEntityManagerFactoryBean : Closing JPA EntityManagerFactory for persistence unit 'default'
2018-09-30 00:28:26.063  INFO 30109 --- [Thread-2] com.zaxxer.hikari.HikariDataSource       : HikariPool-1 - Shutdown initiated...
2018-09-30 00:28:26.113  INFO 30109 --- [Thread-2] com.zaxxer.hikari.HikariDataSource       : HikariPool-1 - Shutdown completed.
