2018-09-18 00:07:11.241  INFO 16855 --- [main] c.m.s.b.h.HelloWorldControllerTest       : Starting HelloWorldControllerTest on ChengdeMacBook-Pro.local with PID 16855 (started by chengchen in /Users/chengchen/Desktop/JavaTraining/products)
2018-09-18 00:07:11.259  INFO 16855 --- [main] c.m.s.b.h.HelloWorldControllerTest       : The following profiles are active: dev
2018-09-18 00:07:11.338  INFO 16855 --- [main] o.s.w.c.s.GenericWebApplicationContext   : Refreshing org.springframework.web.context.support.GenericWebApplicationContext@135606db: startup date [Tue Sep 18 00:07:11 CST 2018]; root of context hierarchy
2018-09-18 00:07:13.992  INFO 16855 --- [main] o.s.w.s.handler.SimpleUrlHandlerMapping  : Mapped URL path [/**/favicon.ico] onto handler of type [class org.springframework.web.servlet.resource.ResourceHttpRequestHandler]
2018-09-18 00:07:14.399  INFO 16855 --- [main] s.w.s.m.m.a.RequestMappingHandlerAdapter : Looking for @ControllerAdvice: org.springframework.web.context.support.GenericWebApplicationContext@135606db: startup date [Tue Sep 18 00:07:11 CST 2018]; root of context hierarchy
2018-09-18 00:07:14.657  INFO 16855 --- [main] s.w.s.m.m.a.RequestMappingHandlerMapping : Mapped "{[/hello/result],methods=[GET]}" onto public com.maikun.service.buyer.result.ResultVO com.maikun.service.buyer.helloworld.HelloWorldController.getResult(javax.servlet.http.HttpServletResponse)
2018-09-18 00:07:14.658  INFO 16855 --- [main] s.w.s.m.m.a.RequestMappingHandlerMapping : Mapped "{[/hello/sync-order],methods=[GET]}" onto public java.lang.String com.maikun.service.buyer.helloworld.HelloWorldController.syncOrder() throws java.lang.InterruptedException
2018-09-18 00:07:14.659  INFO 16855 --- [main] s.w.s.m.m.a.RequestMappingHandlerMapping : Mapped "{[/hello/async-order],methods=[GET]}" onto public org.springframework.web.context.request.async.DeferredResult<java.lang.String> com.maikun.service.buyer.helloworld.HelloWorldController.readList()
2018-09-18 00:07:14.660  INFO 16855 --- [main] s.w.s.m.m.a.RequestMappingHandlerMapping : Mapped "{[/hello/sayhello],methods=[GET]}" onto public java.lang.String com.maikun.service.buyer.helloworld.HelloWorldController.sayHello(javax.servlet.http.HttpServletResponse)
2018-09-18 00:07:14.665  INFO 16855 --- [main] s.w.s.m.m.a.RequestMappingHandlerMapping : Mapped "{[/error]}" onto public org.springframework.http.ResponseEntity<java.util.Map<java.lang.String, java.lang.Object>> org.springframework.boot.autoconfigure.web.servlet.error.BasicErrorController.error(javax.servlet.http.HttpServletRequest)
2018-09-18 00:07:14.666  INFO 16855 --- [main] s.w.s.m.m.a.RequestMappingHandlerMapping : Mapped "{[/error],produces=[text/html]}" onto public org.springframework.web.servlet.ModelAndView org.springframework.boot.autoconfigure.web.servlet.error.BasicErrorController.errorHtml(javax.servlet.http.HttpServletRequest,javax.servlet.http.HttpServletResponse)
2018-09-18 00:07:14.708  INFO 16855 --- [main] o.s.w.s.handler.SimpleUrlHandlerMapping  : Mapped URL path [/webjars/**] onto handler of type [class org.springframework.web.servlet.resource.ResourceHttpRequestHandler]
2018-09-18 00:07:14.708  INFO 16855 --- [main] o.s.w.s.handler.SimpleUrlHandlerMapping  : Mapped URL path [/**] onto handler of type [class org.springframework.web.servlet.resource.ResourceHttpRequestHandler]
2018-09-18 00:07:14.943  INFO 16855 --- [main] o.s.b.t.m.w.SpringBootMockServletContext : Initializing Spring FrameworkServlet ''
2018-09-18 00:07:14.945  INFO 16855 --- [main] o.s.t.web.servlet.TestDispatcherServlet  : FrameworkServlet '': initialization started
2018-09-18 00:07:14.981  INFO 16855 --- [main] o.s.t.web.servlet.TestDispatcherServlet  : FrameworkServlet '': initialization completed in 34 ms
2018-09-18 00:07:15.058  INFO 16855 --- [main] c.m.s.b.h.HelloWorldControllerTest       : Started HelloWorldControllerTest in 5.106 seconds (JVM running for 7.465)
2018-09-18 00:07:15.175  INFO 16855 --- [main] c.m.s.b.helloworld.HelloWorldController  : 外部线程：[main]
2018-09-18 00:07:15.175  INFO 16855 --- [main] c.m.s.b.helloworld.HelloWorldController  : I have written a log file,the level is info !
2018-09-18 00:07:15.176 DEBUG 16855 --- [main] c.m.s.b.helloworld.HelloWorldController  : I have written a log file,the level is debug !
2018-09-18 00:07:15.176  WARN 16855 --- [main] c.m.s.b.helloworld.HelloWorldController  : I have written a log file,the level is warn !
2018-09-18 00:07:15.176 ERROR 16855 --- [main] c.m.s.b.helloworld.HelloWorldController  : I have written a log file,the level is error !
2018-09-18 00:07:15.264  INFO 16855 --- [Thread-2] o.s.w.c.s.GenericWebApplicationContext   : Closing org.springframework.web.context.support.GenericWebApplicationContext@135606db: startup date [Tue Sep 18 00:07:11 CST 2018]; root of context hierarchy
